<?xml version="1.0" encoding="UTF-8"?>
<!-- Generated by org.testng.reporters.JUnitReportReporter -->
<testsuite hostname="DESKTOP-IUH6NPG" name="testcases.test1" tests="1" failures="0" timestamp="12 Apr 2017 14:48:42 GMT" time="65.139" errors="0">
  <testcase name="testa" time="65.139" classname="testcases.test1"/>
</testsuite> <!-- testcases.test1 -->
